<?xml version="1.0" encoding="utf-8" standalone="no"?>
<!--This file represents the results of running a test suite-->
<test-results name="D:\WORK\GITHUB\TestTaskCalculator\TestTaskCalc\ushoza.calc\TestProject\bin\Debug\TestProjectForFeatureVertInt.exe" total="67" errors="0" failures="0" not-run="0" inconclusive="0" ignored="0" skipped="0" invalid="0" date="2020-01-31" time="08:55:14">
  <environment nunit-version="2.5.10.11092" clr-version="4.0.30319.42000" os-version="Microsoft Windows NT 6.2.9200.0" platform="Win32NT" cwd="D:\WORK\GITHUB\TestTaskCalculator\TestTaskCalc\ushoza.calc\TestProject\bin\Debug" machine-name="PYATAK" user="pyatak" user-domain="ASCON-CHEL" />
  <culture-info current-culture="ru-RU" current-uiculture="ru-RU" />
  <test-suite type="Assembly" name="D:\WORK\GITHUB\TestTaskCalculator\TestTaskCalc\ushoza.calc\TestProject\bin\Debug\TestProjectForFeatureVertInt.exe" executed="True" result="Success" success="True" time="31.094" asserts="0">
    <results>
      <test-suite type="Namespace" name="TestProjectForFeatureVertInt" executed="True" result="Inconclusive" success="False" time="0.018" asserts="0">
        <results>
          <test-suite type="TestFixture" name="TestNegativeNumbers" executed="True" result="Inconclusive" success="False" time="0.009" asserts="0" />
          <test-suite type="TestFixture" name="TestValidation" executed="True" result="Inconclusive" success="False" time="0.001" asserts="0" />
        </results>
      </test-suite>
      <test-suite type="Namespace" name="ushoza" executed="True" result="Success" success="True" time="31.064" asserts="0">
        <results>
          <test-suite type="Namespace" name="calc" executed="True" result="Success" success="True" time="31.064" asserts="0">
            <results>
              <test-suite type="Namespace" name="test" executed="True" result="Success" success="True" time="31.063" asserts="0">
                <results>
                  <test-suite type="TestFixture" name="TestAlu" executed="True" result="Success" success="True" time="9.944" asserts="0">
                    <results>
                      <test-case name="ushoza.calc.test.TestAlu.TestCalcComplexExpression" executed="True" result="Success" success="True" time="0.100" asserts="1" />
                      <test-case name="ushoza.calc.test.TestAlu.TestCalcExpressionMustbe198" executed="True" result="Success" success="True" time="0.002" asserts="1" />
                      <test-case name="ushoza.calc.test.TestAlu.TestCalcExpressionWithExpMustbe1and5" executed="True" result="Success" success="True" time="0.001" asserts="1" />
                      <test-case name="ushoza.calc.test.TestAlu.TestCalcExpressionWithExpMustbe274" executed="True" result="Success" success="True" time="0.001" asserts="1" />
                      <test-case name="ushoza.calc.test.TestAlu.TestCalcSimpleWithBreakets" executed="True" result="Success" success="True" time="0.001" asserts="1" />
                      <test-case name="ushoza.calc.test.TestAlu.TestCalcSimpleWithBreakets2" executed="True" result="Success" success="True" time="0.001" asserts="1" />
                      <test-case name="ushoza.calc.test.TestAlu.TestCalSimpleExpression" executed="True" result="Success" success="True" time="0.001" asserts="1" />
                      <test-case name="ushoza.calc.test.TestAlu.TestCalSimpleExpressionDecimal" executed="True" result="Success" success="True" time="0.001" asserts="1" />
                      <test-case name="ushoza.calc.test.TestAlu.TestMathCalc" executed="True" result="Success" success="True" time="9.780" asserts="1" />
                      <test-case name="ushoza.calc.test.TestAlu.TestPolishNotation2plus3Mult8" executed="True" result="Success" success="True" time="0.013" asserts="1" />
                      <test-case name="ushoza.calc.test.TestAlu.TestPolishNotationSimple2Plus3Mult90Minus1" executed="True" result="Success" success="True" time="0.003" asserts="1" />
                      <test-case name="ushoza.calc.test.TestAlu.TestPolishNotationWithBreakets" executed="True" result="Success" success="True" time="0.003" asserts="1" />
                      <test-case name="ushoza.calc.test.TestAlu.TestPolishNotationWithBreaketsBrecketsInTheMiddle" executed="True" result="Success" success="True" time="0.005" asserts="1" />
                      <test-case name="ushoza.calc.test.TestAlu.TestSimpleNegativeExpression" executed="True" result="Success" success="True" time="0.001" asserts="1" />
                      <test-case name="ushoza.calc.test.TestAlu.TestSimpleNegativeExpressionLong" executed="True" result="Success" success="True" time="0.002" asserts="1" />
                    </results>
                  </test-suite>
                  <test-suite type="TestFixture" name="TestMathParser" executed="True" result="Success" success="True" time="9.893" asserts="0">
                    <results>
                      <test-suite type="ParameterizedTest" name="HasExpressionShouldBeTokenList" executed="True" result="Success" success="True" time="0.009" asserts="0">
                        <results>
                          <test-case name="ushoza.calc.test.TestMathParser.HasExpressionShouldBeTokenList(&quot;2+3&quot;,&quot;2&quot;,&quot;+&quot;,&quot;3&quot;)" executed="True" result="Success" success="True" time="0.007" asserts="2" />
                          <test-case name="ushoza.calc.test.TestMathParser.HasExpressionShouldBeTokenList(&quot; 3 + 2 &quot;,&quot; 3 &quot;,&quot;+&quot;,&quot; 2 &quot;)" executed="True" result="Success" success="True" time="0.000" asserts="2" />
                        </results>
                      </test-suite>
                      <test-suite type="ParameterizedTest" name="HasExpressionShouldBeTokenListWithBrackets" executed="True" result="Success" success="True" time="0.005" asserts="0">
                        <results>
                          <test-case name="ushoza.calc.test.TestMathParser.HasExpressionShouldBeTokenListWithBrackets(&quot;((2+3)*2-5)&quot;,&quot;(&quot;,&quot;(&quot;,&quot;2&quot;,&quot;+&quot;,&quot;3&quot;,&quot;)&quot;,&quot;*&quot;,&quot;2&quot;,&quot;-&quot;,&quot;5&quot;,&quot;)&quot;)" executed="True" result="Success" success="True" time="0.004" asserts="2" />
                        </results>
                      </test-suite>
                      <test-suite type="ParameterizedTest" name="HasExpressionShouldBeTokenListWithBrackets" executed="True" result="Success" success="True" time="0.004" asserts="0">
                        <results>
                          <test-case name="ushoza.calc.test.TestMathParser.HasExpressionShouldBeTokenListWithBrackets(&quot;(1+2)*4+3&quot;,&quot;(&quot;,&quot;1&quot;,&quot;+&quot;,&quot;2&quot;,&quot;)&quot;,&quot;*&quot;,&quot;4&quot;,&quot;+&quot;,&quot;3&quot;)" executed="True" result="Success" success="True" time="0.003" asserts="2" />
                        </results>
                      </test-suite>
                      <test-suite type="ParameterizedTest" name="MustBeReturnCalcBadSyntaxRxception" executed="True" result="Success" success="True" time="3.137" asserts="0">
                        <results>
                          <test-case name="ushoza.calc.test.TestMathParser.MustBeReturnCalcBadSyntaxRxception(&quot;^&quot;)" executed="True" result="Success" success="True" time="3.136" asserts="2" />
                        </results>
                      </test-suite>
                      <test-case name="ushoza.calc.test.TestMathParser.MustBeReturnList2and1step3" executed="True" result="Success" success="True" time="0.002" asserts="1" />
                      <test-suite type="ParameterizedTest" name="MustBeReturnList2step3" executed="True" result="Success" success="True" time="0.004" asserts="0">
                        <results>
                          <test-case name="ushoza.calc.test.TestMathParser.MustBeReturnList2step3(&quot;2^3&quot;)" executed="True" result="Success" success="True" time="0.002" asserts="2" />
                        </results>
                      </test-suite>
                      <test-suite type="ParameterizedTest" name="MustBeReturnList6dev2exp2" executed="True" result="Success" success="True" time="0.002" asserts="0">
                        <results>
                          <test-case name="ushoza.calc.test.TestMathParser.MustBeReturnList6dev2exp2(&quot;6/2^2&quot;)" executed="True" result="Success" success="True" time="0.002" asserts="2" />
                        </results>
                      </test-suite>
                      <test-suite type="ParameterizedTest" name="MustBeReturnListTwoFreePlusFourMinusTwo" executed="True" result="Success" success="True" time="0.003" asserts="0">
                        <results>
                          <test-case name="ushoza.calc.test.TestMathParser.MustBeReturnListTwoFreePlusFourMinusTwo(&quot;2^3+4-2&quot;)" executed="True" result="Success" success="True" time="0.002" asserts="2" />
                        </results>
                      </test-suite>
                      <test-suite type="ParameterizedTest" name="MustBeReturnListTwoFreePlusFourMinusTwoWithBrackets" executed="True" result="Success" success="True" time="0.003" asserts="0">
                        <results>
                          <test-case name="ushoza.calc.test.TestMathParser.MustBeReturnListTwoFreePlusFourMinusTwoWithBrackets(&quot;2^(3+4-2)&quot;)" executed="True" result="Success" success="True" time="0.002" asserts="2" />
                        </results>
                      </test-suite>
                      <test-suite type="ParameterizedTest" name="ShouldBeBadSintaxExceptionOnlyOneOperation" executed="True" result="Success" success="True" time="2.750" asserts="0">
                        <results>
                          <test-case name="ushoza.calc.test.TestMathParser.ShouldBeBadSintaxExceptionOnlyOneOperation(&quot;+&quot;)" executed="True" result="Success" success="True" time="0.705" asserts="2" />
                          <test-case name="ushoza.calc.test.TestMathParser.ShouldBeBadSintaxExceptionOnlyOneOperation(&quot;*&quot;)" executed="True" result="Success" success="True" time="0.647" asserts="2" />
                          <test-case name="ushoza.calc.test.TestMathParser.ShouldBeBadSintaxExceptionOnlyOneOperation(&quot;-&quot;)" executed="True" result="Success" success="True" time="0.709" asserts="2" />
                          <test-case name="ushoza.calc.test.TestMathParser.ShouldBeBadSintaxExceptionOnlyOneOperation(&quot;/&quot;)" executed="True" result="Success" success="True" time="0.684" asserts="2" />
                        </results>
                      </test-suite>
                      <test-suite type="ParameterizedTest" name="ShouldBeBadSyntaxisException" executed="True" result="Success" success="True" time="3.910" asserts="0">
                        <results>
                          <test-case name="ushoza.calc.test.TestMathParser.ShouldBeBadSyntaxisException(&quot;2/&quot;)" executed="True" result="Success" success="True" time="0.704" asserts="2" />
                          <test-case name="ushoza.calc.test.TestMathParser.ShouldBeBadSyntaxisException(&quot;2++3&quot;)" executed="True" result="Success" success="True" time="0.796" asserts="2" />
                          <test-case name="ushoza.calc.test.TestMathParser.ShouldBeBadSyntaxisException(&quot;2 - / 4&quot;)" executed="True" result="Success" success="True" time="0.709" asserts="2" />
                          <test-case name="ushoza.calc.test.TestMathParser.ShouldBeBadSyntaxisException(&quot;2a / 4&quot;)" executed="True" result="Success" success="True" time="0.844" asserts="2" />
                          <test-case name="ushoza.calc.test.TestMathParser.ShouldBeBadSyntaxisException(&quot;2+3(4-5)&quot;)" executed="True" result="Success" success="True" time="0.850" asserts="2" />
                        </results>
                      </test-suite>
                      <test-suite type="ParameterizedTest" name="ShouldBeOperand" executed="True" result="Success" success="True" time="0.010" asserts="0">
                        <results>
                          <test-case name="ushoza.calc.test.TestMathParser.ShouldBeOperand(&quot;7&quot;)" executed="True" result="Success" success="True" time="0.004" asserts="2" />
                          <test-case name="ushoza.calc.test.TestMathParser.ShouldBeOperand(&quot;23&quot;)" executed="True" result="Success" success="True" time="0.000" asserts="2" />
                          <test-case name="ushoza.calc.test.TestMathParser.ShouldBeOperand(&quot;10&quot;)" executed="True" result="Success" success="True" time="0.001" asserts="2" />
                          <test-case name="ushoza.calc.test.TestMathParser.ShouldBeOperand(&quot; 45&quot;)" executed="True" result="Success" success="True" time="0.000" asserts="2" />
                        </results>
                      </test-suite>
                      <test-case name="ushoza.calc.test.TestMathParser.TestParser.HasExpressionShouldBeTokenListWithBracketsWithDecimal" executed="True" result="Success" success="True" time="0.003" asserts="1" />
                      <test-case name="ushoza.calc.test.TestMathParser.TestParser.ShouldBeEqual" executed="True" result="Success" success="True" time="0.001" asserts="1" />
                      <test-case name="ushoza.calc.test.TestMathParser.TestParser.ShouldBeOperandWitDecPlaces" executed="True" result="Success" success="True" time="0.001" asserts="1" />
                      <test-case name="ushoza.calc.test.TestMathParser.TestParser.ShouldBeOperandWitDecPlaces_WithWiteSpece" executed="True" result="Success" success="True" time="0.001" asserts="1" />
                      <test-case name="ushoza.calc.test.TestMathParser.TestParser.ShouldBeTokenListWithNegativeNumbersAndBrackets" executed="True" result="Success" success="True" time="0.003" asserts="1" />
                      <test-case name="ushoza.calc.test.TestMathParser.TestParser.ShouldBeTokenListWithNegativeNumbersSimple" executed="True" result="Success" success="True" time="0.003" asserts="1" />
                    </results>
                  </test-suite>
                  <test-suite type="TestFixture" name="TestParser" executed="True" result="Success" success="True" time="11.201" asserts="0">
                    <results>
                      <test-suite type="ParameterizedTest" name="HasExpressionShouldBeTokenList" executed="True" result="Success" success="True" time="0.002" asserts="0">
                        <results>
                          <test-case name="ushoza.calc.test.TestParser.HasExpressionShouldBeTokenList(&quot;2+3&quot;,&quot;2&quot;,&quot;+&quot;,&quot;3&quot;)" executed="True" result="Success" success="True" time="0.001" asserts="2" />
                          <test-case name="ushoza.calc.test.TestParser.HasExpressionShouldBeTokenList(&quot; 3 + 2 &quot;,&quot; 3 &quot;,&quot;+&quot;,&quot; 2 &quot;)" executed="True" result="Success" success="True" time="0.000" asserts="2" />
                        </results>
                      </test-suite>
                      <test-suite type="ParameterizedTest" name="HasExpressionShouldBeTokenListWithBrackets" executed="True" result="Success" success="True" time="0.000" asserts="0">
                        <results>
                          <test-case name="ushoza.calc.test.TestParser.HasExpressionShouldBeTokenListWithBrackets(&quot;((2+3)*2-5)&quot;,&quot;(&quot;,&quot;(&quot;,&quot;2&quot;,&quot;+&quot;,&quot;3&quot;,&quot;)&quot;,&quot;*&quot;,&quot;2&quot;,&quot;-&quot;,&quot;5&quot;,&quot;)&quot;)" executed="True" result="Success" success="True" time="0.000" asserts="2" />
                        </results>
                      </test-suite>
                      <test-suite type="ParameterizedTest" name="HasExpressionShouldBeTokenListWithBrackets" executed="True" result="Success" success="True" time="0.001" asserts="0">
                        <results>
                          <test-case name="ushoza.calc.test.TestParser.HasExpressionShouldBeTokenListWithBrackets(&quot;(1+2)*4+3&quot;,&quot;(&quot;,&quot;1&quot;,&quot;+&quot;,&quot;2&quot;,&quot;)&quot;,&quot;*&quot;,&quot;4&quot;,&quot;+&quot;,&quot;3&quot;)" executed="True" result="Success" success="True" time="0.000" asserts="2" />
                        </results>
                      </test-suite>
                      <test-case name="ushoza.calc.test.TestParser.HasExpressionShouldBeTokenListWithBracketsWithDecimal" executed="True" result="Success" success="True" time="0.000" asserts="1" />
                      <test-suite type="ParameterizedTest" name="ShouldBeBadSintaxExceptionOnlyOneOperation" executed="True" result="Success" success="True" time="6.863" asserts="0">
                        <results>
                          <test-case name="ushoza.calc.test.TestParser.ShouldBeBadSintaxExceptionOnlyOneOperation(&quot;+&quot;)" executed="True" result="Success" success="True" time="0.677" asserts="2" />
                          <test-case name="ushoza.calc.test.TestParser.ShouldBeBadSintaxExceptionOnlyOneOperation(&quot;*&quot;)" executed="True" result="Success" success="True" time="0.747" asserts="2" />
                          <test-case name="ushoza.calc.test.TestParser.ShouldBeBadSintaxExceptionOnlyOneOperation(&quot;-&quot;)" executed="True" result="Success" success="True" time="0.790" asserts="2" />
                          <test-case name="ushoza.calc.test.TestParser.ShouldBeBadSintaxExceptionOnlyOneOperation(&quot;/&quot;)" executed="True" result="Success" success="True" time="4.641" asserts="2" />
                        </results>
                      </test-suite>
                      <test-suite type="ParameterizedTest" name="ShouldBeBadSyntaxisException" executed="True" result="Success" success="True" time="4.309" asserts="0">
                        <results>
                          <test-case name="ushoza.calc.test.TestParser.ShouldBeBadSyntaxisException(&quot;2/&quot;)" executed="True" result="Success" success="True" time="0.836" asserts="2" />
                          <test-case name="ushoza.calc.test.TestParser.ShouldBeBadSyntaxisException(&quot;2++3&quot;)" executed="True" result="Success" success="True" time="0.954" asserts="2" />
                          <test-case name="ushoza.calc.test.TestParser.ShouldBeBadSyntaxisException(&quot;2 - / 4&quot;)" executed="True" result="Success" success="True" time="0.725" asserts="2" />
                          <test-case name="ushoza.calc.test.TestParser.ShouldBeBadSyntaxisException(&quot;2a / 4&quot;)" executed="True" result="Success" success="True" time="0.862" asserts="2" />
                          <test-case name="ushoza.calc.test.TestParser.ShouldBeBadSyntaxisException(&quot;2+3(4-5)&quot;)" executed="True" result="Success" success="True" time="0.926" asserts="2" />
                        </results>
                      </test-suite>
                      <test-case name="ushoza.calc.test.TestParser.ShouldBeEqual" executed="True" result="Success" success="True" time="0.001" asserts="1" />
                      <test-suite type="ParameterizedTest" name="ShouldBeOperand" executed="True" result="Success" success="True" time="0.006" asserts="0">
                        <results>
                          <test-case name="ushoza.calc.test.TestParser.ShouldBeOperand(&quot;7&quot;)" executed="True" result="Success" success="True" time="0.000" asserts="2" />
                          <test-case name="ushoza.calc.test.TestParser.ShouldBeOperand(&quot;23&quot;)" executed="True" result="Success" success="True" time="0.001" asserts="2" />
                          <test-case name="ushoza.calc.test.TestParser.ShouldBeOperand(&quot;10&quot;)" executed="True" result="Success" success="True" time="0.000" asserts="2" />
                          <test-case name="ushoza.calc.test.TestParser.ShouldBeOperand(&quot; 45&quot;)" executed="True" result="Success" success="True" time="0.000" asserts="2" />
                        </results>
                      </test-suite>
                      <test-case name="ushoza.calc.test.TestParser.ShouldBeOperandWitDecPlaces" executed="True" result="Success" success="True" time="0.000" asserts="1" />
                      <test-case name="ushoza.calc.test.TestParser.ShouldBeOperandWitDecPlaces_WithWiteSpece" executed="True" result="Success" success="True" time="0.000" asserts="1" />
                      <test-case name="ushoza.calc.test.TestParser.ShouldBeTokenListWithNegativeNumbersAndBrackets" executed="True" result="Success" success="True" time="0.000" asserts="1" />
                      <test-case name="ushoza.calc.test.TestParser.ShouldBeTokenListWithNegativeNumbersSimple" executed="True" result="Success" success="True" time="0.001" asserts="1" />
                    </results>
                  </test-suite>
                </results>
              </test-suite>
            </results>
          </test-suite>
        </results>
      </test-suite>
    </results>
  </test-suite>
</test-results>